<?xml version="1.0" encoding="UTF-8"?><testsuite errors="0" failures="0" name="com.studentApp.junit.SerenityCrudTest" skipped="0" tests="4" time="6.01" timestamp="2018-05-12 05:16:18"><testcase classname="com.studentApp.junit.SerenityCrudTest" name="Test to create student"/><testcase classname="com.studentApp.junit.SerenityCrudTest" name="Test to verify added student"/><testcase classname="com.studentApp.junit.SerenityCrudTest" name="Test to update student"/><testcase classname="com.studentApp.junit.SerenityCrudTest" name="Test to delete student"/></testsuite>